"C:\Program Files\JetBrains\CLion 2021.2.1\bin\cmake\win\bin\cmake.exe" -DCMAKE_BUILD_TYPE=Debug -DCMAKE_DEPENDS_USE_COMPILER=FALSE -G "CodeBlocks - MinGW Makefiles" "C:\Users\cauem\OneDrive\Área de Trabalho\ITA\ITA 5S\CTC_12\lab2\labTree"
-- The CXX compiler identification is GNU 9.2.0
-- Detecting CXX compiler ABI info
-- Detecting CXX compiler ABI info - done
-- Check for working CXX compiler: C:/MinGW/bin/g++.exe - skipped
-- Detecting CXX compile features
-- Detecting CXX compile features - done
-- CMAKE_VERSION="3.20.2"
CMake Error: Target DependInfo.cmake file not found
Creating directories for 'googletest-populate'
Performing download step (download, verify and extract) for 'googletest-populate'
CMake Error: Error processing file: C:/Users/cauem/OneDrive/Ã”Ã¶Â£â”œâ•�rea de Trabalho/ITA/ITA 5S/CTC_12/lab2/labTree/cmake-build-debug/_deps/googletest-subbuild/googletest-populate-prefix/src/googletest-populate-stamp/download-googletest-populate.cmake
CMakeFiles\googletest-populate.dir\build.make:97: recipe for target 'googletest-populate-prefix/src/googletest-populate-stamp/googletest-populate-download' failed
mingw32-make.exe[2]: *** [googletest-populate-prefix/src/googletest-populate-stamp/googletest-populate-download] Error 1
CMakeFiles\Makefile2:81: recipe for target 'CMakeFiles/googletest-populate.dir/all' failed
mingw32-make.exe[1]: *** [CMakeFiles/googletest-populate.dir/all] Error 2
Makefile:89: recipe for target 'all' failed
mingw32-make.exe: *** [all] Error 2

CMake Error at C:/Program Files/JetBrains/CLion 2021.2.1/bin/cmake/win/share/cmake-3.20/Modules/FetchContent.cmake:1012 (message):
  Build step for googletest failed: 2
Call Stack (most recent call first):
  C:/Program Files/JetBrains/CLion 2021.2.1/bin/cmake/win/share/cmake-3.20/Modules/FetchContent.cmake:1141:EVAL:2 (__FetchContent_directPopulate)
  C:/Program Files/JetBrains/CLion 2021.2.1/bin/cmake/win/share/cmake-3.20/Modules/FetchContent.cmake:1141 (cmake_language)
  C:/Program Files/JetBrains/CLion 2021.2.1/bin/cmake/win/share/cmake-3.20/Modules/FetchContent.cmake:1184 (FetchContent_Populate)
  CMakeLists.txt:54 (FetchContent_MakeAvailable)


-- Configuring incomplete, errors occurred!
See also "C:/Users/cauem/OneDrive/Ã�rea de Trabalho/ITA/ITA 5S/CTC_12/lab2/labTree/cmake-build-debug/CMakeFiles/CMakeOutput.log".
